#
# A fatal error has been detected by the Java Runtime Environment:
#
#  EXCEPTION_ACCESS_VIOLATION (0xc0000005) at pc=0x00007ffea2ccac33, pid=8976, tid=3304
#
# JRE version: Java(TM) SE Runtime Environment (14.0.1+7) (build 14.0.1+7)
# Java VM: Java HotSpot(TM) 64-Bit Server VM (14.0.1+7, mixed mode, sharing, tiered, compressed oops, g1 gc, windows-amd64)
# Problematic frame:
# V  [jvm.dll+0x31ac33]
#
# No core dump will be written. Minidumps are not enabled by default on client versions of Windows
#
# If you would like to submit a bug report, please visit:
#   https://bugreport.java.com/bugreport/crash.jsp
#

---------------  S U M M A R Y ------------

Command Line: -ea -Dfile.encoding=UTF-8 -XX:+ShowCodeDetailsInExceptionMessages org.eclipse.jdt.internal.junit.runner.RemoteTestRunner -version 3 -port 52528 -testLoaderClass org.eclipse.jdt.internal.junit4.runner.JUnit4TestLoader -loaderpluginname org.eclipse.jdt.junit4.runtime -classNames testRunner.loginPageRunner

Host: Intel(R) Core(TM) i3-3110M CPU @ 2.40GHz, 4 cores, 3G,  Windows 10 , 64 bit Build 19041 (10.0.19041.1706)
Time: Thu Jun  2 00:53:05 2022 India Standard Time elapsed time: 1 seconds (0d 0h 0m 1s)

---------------  T H R E A D  ---------------

Current thread (0x000002277e3f4000):  JavaThread "C2 CompilerThread0" daemon [_thread_in_native, id=3304, stack(0x000000d829b00000,0x000000d829c00000)]


Current CompileTask:
C2:   1261  834   !   4       java.net.URL::<init> (543 bytes)

Stack: [0x000000d829b00000,0x000000d829c00000],  sp=0x000000d829bfb7e0,  free space=1005k
Native frames: (J=compiled Java code, j=interpreted, Vv=VM code, C=native code)
V  [jvm.dll+0x31ac33]
V  [jvm.dll+0x18cc44]
V  [jvm.dll+0x1e5efa]
V  [jvm.dll+0x1e50b8]
V  [jvm.dll+0x1779cc]
V  [jvm.dll+0x1f4105]
V  [jvm.dll+0x1f22eb]
V  [jvm.dll+0x706a9d]
V  [jvm.dll+0x6ff8ba]
V  [jvm.dll+0x5f72c6]
C  [ucrtbase.dll+0x21bb2]
C  [KERNEL32.DLL+0x17034]
C  [ntdll.dll+0x52651]


siginfo: EXCEPTION_ACCESS_VIOLATION (0xc0000005), reading address 0x0000222717835cbc


Register to memory mapping:

RIP=0x00007ffea2ccac33 jvm.dll
RAX=0x00000227176d5e50 points into unknown readable memory: 20 dd e0 7e 27 02 00 00
RBX=0x000000000000000a is an unknown value
RCX=0x0000000000000008 is an unknown value
RDX=0x0000222717835c90 is an unknown value
RSP=0x000000d829bfb7e0 is pointing into the stack for thread: 0x000002277e3f4000
RBP=0x000000d829bfb8e0 is pointing into the stack for thread: 0x000002277e3f4000
RSI=0x0 is NULL
RDI=0x0000000000000001 is an unknown value
R8 =0x0000000000000010 is an unknown value
R9 =0x0000000000000008 is an unknown value
R10=0x0000000000000008 is an unknown value
R11=0x0 is NULL
R12=0x000002277ee0dd80 points into unknown readable memory: 00 7e 1c a3 fe 7f 00 00
R13=0x0000000000000006 is an unknown value
R14=0x0000000000000004 is an unknown value
R15=0x0 is NULL


Registers:
RAX=0x00000227176d5e50, RBX=0x000000000000000a, RCX=0x0000000000000008, RDX=0x0000222717835c90
RSP=0x000000d829bfb7e0, RBP=0x000000d829bfb8e0, RSI=0x0000000000000000, RDI=0x0000000000000001
R8 =0x0000000000000010, R9 =0x0000000000000008, R10=0x0000000000000008, R11=0x0000000000000000
R12=0x000002277ee0dd80, R13=0x0000000000000006, R14=0x0000000000000004, R15=0x0000000000000000
RIP=0x00007ffea2ccac33, EFLAGS=0x0000000000010283

Top of Stack: (sp=0x000000d829bfb7e0)
0x000000d829bfb7e0:   000002277ee0dd80 0000000000000006
0x000000d829bfb7f0:   0000000000000004 00007ffea2a5be76
0x000000d829bfb800:   00000227779ae1d0 0000000000000000
0x000000d829bfb810:   ffffffff00000008 0000000800000000
0x000000d829bfb820:   0000000e00000000 0000000000000000
0x000000d829bfb830:   0000022700000006 0000000800000004
0x000000d829bfb840:   0000000d00000006 0000000000000000
0x000000d829bfb850:   0000022700000007 000002277ee0dd80
0x000000d829bfb860:   0000000000000005 000002270000000a
0x000000d829bfb870:   0000000000000000 000004fc00000000
0x000000d829bfb880:   0000000500000008 0000022700000005
0x000000d829bfb890:   0000022717b677c0 000000d829bfb8d0
0x000000d829bfb8a0:   000000d829bfb8c0 000002277eedce1c
0x000000d829bfb8b0:   000002277eedce24 0000000000000000
0x000000d829bfb8c0:   000000050000000c 000000d829bfb8d0
0x000000d829bfb8d0:   0000022717b68320 00007ffea33f0b70 

Instructions: (pc=0x00007ffea2ccac33)
0x00007ffea2ccab33:   24 08 55 53 41 57 48 8d ac 24 f0 fe ff ff 48 81
0x00007ffea2ccab43:   ec 10 02 00 00 48 8b d9 4c 8d 05 46 f2 73 00 48
0x00007ffea2ccab53:   8d 8d 80 00 00 00 48 8d 15 60 07 54 00 e8 2b ac
0x00007ffea2ccab63:   ec ff 48 8b 43 48 45 33 ff 41 8b cf 44 89 7d 84
0x00007ffea2ccab73:   89 4d 80 44 39 78 40 0f 86 e7 0d 00 00 48 89 b4
0x00007ffea2ccab83:   24 38 02 00 00 48 89 bc 24 08 02 00 00 4c 89 a4
0x00007ffea2ccab93:   24 00 02 00 00 4c 89 ac 24 f8 01 00 00 4c 89 b4
0x00007ffea2ccaba3:   24 f0 01 00 00 0f 29 b4 24 e0 01 00 00 48 8b 40
0x00007ffea2ccabb3:   30 4c 8b 24 c8 48 8d 4d e0 4c 89 64 24 78 41 8b
0x00007ffea2ccabc3:   44 24 4c ff c8 48 8d 14 80 48 8b 43 68 48 c1 e2
0x00007ffea2ccabd3:   05 48 03 50 10 e8 53 61 00 00 41 8b 5c 24 28 ff
0x00007ffea2ccabe3:   cb 41 3b 5c 24 18 73 0b 49 8b 44 24 20 48 8b 3c
0x00007ffea2ccabf3:   d8 eb 03 49 8b ff 48 8b 07 48 8b cf ff 50 20 48
0x00007ffea2ccac03:   3b c7 74 05 41 2b 5c 24 48 bf 01 00 00 00 3b df
0x00007ffea2ccac13:   76 32 45 8b 44 24 18 8d 4f 07 0f 1f 00 41 3b f8
0x00007ffea2ccac23:   73 0b 49 8b 44 24 20 48 8b 14 01 eb 03 49 8b d7
0x00007ffea2ccac33:   0f b6 42 2c 24 0f 3c 0c 75 0a ff c7 48 83 c1 08
0x00007ffea2ccac43:   3b fb 72 d9 45 8b 6c 24 28 41 ff cd 44 89 6c 24
0x00007ffea2ccac53:   70 45 3b 6c 24 18 73 0b 49 8b 44 24 20 4a 8b 1c
0x00007ffea2ccac63:   e8 eb 03 49 8b df 48 8b 03 48 8b cb ff 50 20 48
0x00007ffea2ccac73:   3b c3 74 0a 45 2b 6c 24 48 44 89 6c 24 70 8b f7
0x00007ffea2ccac83:   41 3b fd 0f 83 86 00 00 00 45 8b 44 24 18 8b c7
0x00007ffea2ccac93:   48 8d 0c c5 00 00 00 00 0f 1f 44 00 00 41 3b f0
0x00007ffea2ccaca3:   73 0b 49 8b 44 24 20 4c 8b 34 01 eb 03 4d 8b f7
0x00007ffea2ccacb3:   41 0f b7 56 2c 0f b6 c2 24 1f 3c 12 75 0d ff c6
0x00007ffea2ccacc3:   48 83 c1 08 41 3b f5 72 d4 eb 44 3b f7 76 40 80
0x00007ffea2ccacd3:   e2 03 80 fa 02 75 38 49 8b 06 49 8b ce ff 90 40
0x00007ffea2ccace3:   01 00 00 3d 87 00 00 00 75 25 8b d6 49 8d 4c 24
0x00007ffea2ccacf3:   10 e8 b7 f8 2b 00 41 ff 4c 24 28 49 8d 4c 24 10
0x00007ffea2ccad03:   4d 8b c6 8b d7 e8 13 eb 2b 00 41 ff 44 24 28 8b
0x00007ffea2ccad13:   5c 24 70 45 8d 4d 01 49 8d 44 24 6c 8b d3 2b d7
0x00007ffea2ccad23:   44 89 38 48 89 45 c8 49 8d 44 24 74 44 89 7c 24 


Stack slot to memory mapping:
stack at sp + 0 slots: 0x000002277ee0dd80 points into unknown readable memory: 00 7e 1c a3 fe 7f 00 00
stack at sp + 1 slots: 0x0000000000000006 is an unknown value
stack at sp + 2 slots: 0x0000000000000004 is an unknown value
stack at sp + 3 slots: 0x00007ffea2a5be76 jvm.dll
stack at sp + 4 slots: 0x00000227779ae1d0 points into unknown readable memory: e0 c4 f4 7e 27 02 00 00
stack at sp + 5 slots: 0x0 is NULL
stack at sp + 6 slots: 0xffffffff00000008 is an unknown value
stack at sp + 7 slots: 0x0000000800000000 is pointing into metadata


---------------  P R O C E S S  ---------------

Threads class SMR info:
_java_thread_list=0x000002271784b2c0, length=13, elements={
0x00000227779e4000, 0x000002277e3c2000, 0x000002277e3c3000, 0x000002277e3e0000,
0x000002277e3e3000, 0x000002277e3e4800, 0x000002277e3f4000, 0x000002277e3fa000,
0x000002277e40a800, 0x000002277efa9000, 0x000002277efb5800, 0x000002277f024800,
0x000002277e3f7800
}
_to_delete_list=0x000002277f101d10, length=12, elements={
0x00000227779e4000, 0x000002277e3c2000, 0x000002277e3c3000, 0x000002277e3e0000,
0x000002277e3e3000, 0x000002277e3e4800, 0x000002277e3f4000, 0x000002277e3fa000,
0x000002277e40a800, 0x000002277efa9000, 0x000002277efb5800, 0x000002277f024800
}

Java Threads: ( => current thread )
  0x00000227779e4000 JavaThread "main" [_thread_in_vm, id=10184, stack(0x000000d828f00000,0x000000d829000000)]
  0x000002277e3c2000 JavaThread "Reference Handler" daemon [_thread_blocked, id=9740, stack(0x000000d829600000,0x000000d829700000)]
  0x000002277e3c3000 JavaThread "Finalizer" daemon [_thread_blocked, id=4564, stack(0x000000d829700000,0x000000d829800000)]
  0x000002277e3e0000 JavaThread "Signal Dispatcher" daemon [_thread_blocked, id=10292, stack(0x000000d829800000,0x000000d829900000)]
  0x000002277e3e3000 JavaThread "Attach Listener" daemon [_thread_blocked, id=10764, stack(0x000000d829900000,0x000000d829a00000)]
  0x000002277e3e4800 JavaThread "Service Thread" daemon [_thread_blocked, id=7728, stack(0x000000d829a00000,0x000000d829b00000)]
=>0x000002277e3f4000 JavaThread "C2 CompilerThread0" daemon [_thread_in_native, id=3304, stack(0x000000d829b00000,0x000000d829c00000)]
  0x000002277e3fa000 JavaThread "C1 CompilerThread0" daemon [_thread_blocked, id=7696, stack(0x000000d829c00000,0x000000d829d00000)]
  0x000002277e40a800 JavaThread "Sweeper thread" daemon [_thread_blocked, id=9644, stack(0x000000d829d00000,0x000000d829e00000)]
  0x000002277efa9000 JavaThread "Notification Thread" daemon [_thread_blocked, id=8364, stack(0x000000d829e00000,0x000000d829f00000)]
  0x000002277efb5800 JavaThread "Common-Cleaner" daemon [_thread_blocked, id=11092, stack(0x000000d82a000000,0x000000d82a100000)]
  0x000002277f024800 JavaThread "ReaderThread" [_thread_in_native, id=12020, stack(0x000000d82a100000,0x000000d82a200000)]
  0x000002277e3f7800 JavaThread "C2 CompilerThread1" daemon [_thread_in_native, id=2092, stack(0x000000d82a500000,0x000000d82a600000)]

Other Threads:
  0x000002277e3c0000 VMThread "VM Thread" [stack: 0x000000d829500000,0x000000d829600000] [id=1316]
  0x000002277efab800 WatcherThread [stack: 0x000000d829f00000,0x000000d82a000000] [id=7960]
  0x0000022777a14000 GCTaskThread "GC Thread#0" [stack: 0x000000d829000000,0x000000d829100000] [id=8992]
  0x000002277f831000 GCTaskThread "GC Thread#1" [stack: 0x000000d82a200000,0x000000d82a300000] [id=11300]
  0x000002277f832000 GCTaskThread "GC Thread#2" [stack: 0x000000d82a300000,0x000000d82a400000] [id=10924]
  0x000002277f832800 GCTaskThread "GC Thread#3" [stack: 0x000000d82a400000,0x000000d82a500000] [id=9288]
  0x0000022777a1e800 ConcurrentGCThread "G1 Main Marker" [stack: 0x000000d829100000,0x000000d829200000] [id=8964]
  0x0000022777a20800 ConcurrentGCThread "G1 Conc#0" [stack: 0x000000d829200000,0x000000d829300000] [id=1260]
  0x0000022777a7a800 ConcurrentGCThread "G1 Refine#0" [stack: 0x000000d829300000,0x000000d829400000] [id=9100]
  0x0000022777a7d000 ConcurrentGCThread "G1 Young RemSet Sampling" [stack: 0x000000d829400000,0x000000d829500000] [id=10564]

Threads with active compile tasks:
C2 CompilerThread0     1352  834   !   4       java.net.URL::<init> (543 bytes)
C2 CompilerThread1     1352  933       4       jdk.internal.loader.URLClassPath::getResource (74 bytes)

VM state:not at safepoint (normal execution)

VM Mutex/Monitor currently owned by a thread: None

Heap address: 0x00000000c1800000, size: 1000 MB, Compressed Oops mode: 32-bit
Narrow klass base: 0x0000000800000000, Narrow klass shift: 3
Compressed class space size: 1073741824 Address: 0x0000000800b30000

Heap:
 garbage-first heap   total 65536K, used 15842K [0x00000000c1800000, 0x0000000100000000)
  region size 1024K, 12 young (12288K), 1 survivors (1024K)
 Metaspace       used 4616K, capacity 7011K, committed 7168K, reserved 1056768K
  class space    used 719K, capacity 956K, committed 1024K, reserved 1048576K
Heap Regions: E=young(eden), S=young(survivor), O=old, HS=humongous(starts), HC=humongous(continues), CS=collection set, F=free, OA=open archive, CA=closed archive, TAMS=top-at-mark-start (previous, next)
|   0|0x00000000c1800000, 0x00000000c1900000, 0x00000000c1900000|100%| O|  |TAMS 0x00000000c1800000, 0x00000000c1800000| Untracked 
|   1|0x00000000c1900000, 0x00000000c1a00000, 0x00000000c1a00000|100%| O|  |TAMS 0x00000000c1900000, 0x00000000c1900000| Untracked 
|   2|0x00000000c1a00000, 0x00000000c1b00000, 0x00000000c1b00000|100%| O|  |TAMS 0x00000000c1a00000, 0x00000000c1a00000| Untracked 
|   3|0x00000000c1b00000, 0x00000000c1c00000, 0x00000000c1c00000|100%| O|  |TAMS 0x00000000c1b00000, 0x00000000c1b00000| Untracked 
|   4|0x00000000c1c00000, 0x00000000c1d00000, 0x00000000c1d00000|100%| O|  |TAMS 0x00000000c1c00000, 0x00000000c1c00000| Untracked 
|   5|0x00000000c1d00000, 0x00000000c1d2ae00, 0x00000000c1e00000| 16%| O|  |TAMS 0x00000000c1d00000, 0x00000000c1d00000| Untracked 
|   6|0x00000000c1e00000, 0x00000000c1e00000, 0x00000000c1f00000|  0%| F|  |TAMS 0x00000000c1e00000, 0x00000000c1e00000| Untracked 
|   7|0x00000000c1f00000, 0x00000000c1f00000, 0x00000000c2000000|  0%| F|  |TAMS 0x00000000c1f00000, 0x00000000c1f00000| Untracked 
|   8|0x00000000c2000000, 0x00000000c2000000, 0x00000000c2100000|  0%| F|  |TAMS 0x00000000c2000000, 0x00000000c2000000| Untracked 
|   9|0x00000000c2100000, 0x00000000c2100000, 0x00000000c2200000|  0%| F|  |TAMS 0x00000000c2100000, 0x00000000c2100000| Untracked 
|  10|0x00000000c2200000, 0x00000000c2200000, 0x00000000c2300000|  0%| F|  |TAMS 0x00000000c2200000, 0x00000000c2200000| Untracked 
|  11|0x00000000c2300000, 0x00000000c2300000, 0x00000000c2400000|  0%| F|  |TAMS 0x00000000c2300000, 0x00000000c2300000| Untracked 
|  12|0x00000000c2400000, 0x00000000c2400000, 0x00000000c2500000|  0%| F|  |TAMS 0x00000000c2400000, 0x00000000c2400000| Untracked 
|  13|0x00000000c2500000, 0x00000000c2500000, 0x00000000c2600000|  0%| F|  |TAMS 0x00000000c2500000, 0x00000000c2500000| Untracked 
|  14|0x00000000c2600000, 0x00000000c2600000, 0x00000000c2700000|  0%| F|  |TAMS 0x00000000c2600000, 0x00000000c2600000| Untracked 
|  15|0x00000000c2700000, 0x00000000c2700000, 0x00000000c2800000|  0%| F|  |TAMS 0x00000000c2700000, 0x00000000c2700000| Untracked 
|  16|0x00000000c2800000, 0x00000000c2800000, 0x00000000c2900000|  0%| F|  |TAMS 0x00000000c2800000, 0x00000000c2800000| Untracked 
|  17|0x00000000c2900000, 0x00000000c2900000, 0x00000000c2a00000|  0%| F|  |TAMS 0x00000000c2900000, 0x00000000c2900000| Untracked 
|  18|0x00000000c2a00000, 0x00000000c2a00000, 0x00000000c2b00000|  0%| F|  |TAMS 0x00000000c2a00000, 0x00000000c2a00000| Untracked 
|  19|0x00000000c2b00000, 0x00000000c2b00000, 0x00000000c2c00000|  0%| F|  |TAMS 0x00000000c2b00000, 0x00000000c2b00000| Untracked 
|  20|0x00000000c2c00000, 0x00000000c2c00000, 0x00000000c2d00000|  0%| F|  |TAMS 0x00000000c2c00000, 0x00000000c2c00000| Untracked 
|  21|0x00000000c2d00000, 0x00000000c2d00000, 0x00000000c2e00000|  0%| F|  |TAMS 0x00000000c2d00000, 0x00000000c2d00000| Untracked 
|  22|0x00000000c2e00000, 0x00000000c2e00000, 0x00000000c2f00000|  0%| F|  |TAMS 0x00000000c2e00000, 0x00000000c2e00000| Untracked 
|  23|0x00000000c2f00000, 0x00000000c2f00000, 0x00000000c3000000|  0%| F|  |TAMS 0x00000000c2f00000, 0x00000000c2f00000| Untracked 
|  24|0x00000000c3000000, 0x00000000c3000000, 0x00000000c3100000|  0%| F|  |TAMS 0x00000000c3000000, 0x00000000c3000000| Untracked 
|  25|0x00000000c3100000, 0x00000000c3100000, 0x00000000c3200000|  0%| F|  |TAMS 0x00000000c3100000, 0x00000000c3100000| Untracked 
|  26|0x00000000c3200000, 0x00000000c3200000, 0x00000000c3300000|  0%| F|  |TAMS 0x00000000c3200000, 0x00000000c3200000| Untracked 
|  27|0x00000000c3300000, 0x00000000c3300000, 0x00000000c3400000|  0%| F|  |TAMS 0x00000000c3300000, 0x00000000c3300000| Untracked 
|  28|0x00000000c3400000, 0x00000000c3400000, 0x00000000c3500000|  0%| F|  |TAMS 0x00000000c3400000, 0x00000000c3400000| Untracked 
|  29|0x00000000c3500000, 0x00000000c3500000, 0x00000000c3600000|  0%| F|  |TAMS 0x00000000c3500000, 0x00000000c3500000| Untracked 
|  30|0x00000000c3600000, 0x00000000c3600000, 0x00000000c3700000|  0%| F|  |TAMS 0x00000000c3600000, 0x00000000c3600000| Untracked 
|  31|0x00000000c3700000, 0x00000000c3700000, 0x00000000c3800000|  0%| F|  |TAMS 0x00000000c3700000, 0x00000000c3700000| Untracked 
|  32|0x00000000c3800000, 0x00000000c3800000, 0x00000000c3900000|  0%| F|  |TAMS 0x00000000c3800000, 0x00000000c3800000| Untracked 
|  33|0x00000000c3900000, 0x00000000c3900000, 0x00000000c3a00000|  0%| F|  |TAMS 0x00000000c3900000, 0x00000000c3900000| Untracked 
|  34|0x00000000c3a00000, 0x00000000c3a00000, 0x00000000c3b00000|  0%| F|  |TAMS 0x00000000c3a00000, 0x00000000c3a00000| Untracked 
|  35|0x00000000c3b00000, 0x00000000c3b00000, 0x00000000c3c00000|  0%| F|  |TAMS 0x00000000c3b00000, 0x00000000c3b00000| Untracked 
|  36|0x00000000c3c00000, 0x00000000c3c00000, 0x00000000c3d00000|  0%| F|  |TAMS 0x00000000c3c00000, 0x00000000c3c00000| Untracked 
|  37|0x00000000c3d00000, 0x00000000c3d00000, 0x00000000c3e00000|  0%| F|  |TAMS 0x00000000c3d00000, 0x00000000c3d00000| Untracked 
|  38|0x00000000c3e00000, 0x00000000c3e00000, 0x00000000c3f00000|  0%| F|  |TAMS 0x00000000c3e00000, 0x00000000c3e00000| Untracked 
|  39|0x00000000c3f00000, 0x00000000c3f00000, 0x00000000c4000000|  0%| F|  |TAMS 0x00000000c3f00000, 0x00000000c3f00000| Untracked 
|  40|0x00000000c4000000, 0x00000000c4000000, 0x00000000c4100000|  0%| F|  |TAMS 0x00000000c4000000, 0x00000000c4000000| Untracked 
|  41|0x00000000c4100000, 0x00000000c4100000, 0x00000000c4200000|  0%| F|  |TAMS 0x00000000c4100000, 0x00000000c4100000| Untracked 
|  42|0x00000000c4200000, 0x00000000c4200000, 0x00000000c4300000|  0%| F|  |TAMS 0x00000000c4200000, 0x00000000c4200000| Untracked 
|  43|0x00000000c4300000, 0x00000000c4300000, 0x00000000c4400000|  0%| F|  |TAMS 0x00000000c4300000, 0x00000000c4300000| Untracked 
|  44|0x00000000c4400000, 0x00000000c4400000, 0x00000000c4500000|  0%| F|  |TAMS 0x00000000c4400000, 0x00000000c4400000| Untracked 
|  45|0x00000000c4500000, 0x00000000c4500000, 0x00000000c4600000|  0%| F|  |TAMS 0x00000000c4500000, 0x00000000c4500000| Untracked 
|  46|0x00000000c4600000, 0x00000000c4600000, 0x00000000c4700000|  0%| F|  |TAMS 0x00000000c4600000, 0x00000000c4600000| Untracked 
|  47|0x00000000c4700000, 0x00000000c4700000, 0x00000000c4800000|  0%| F|  |TAMS 0x00000000c4700000, 0x00000000c4700000| Untracked 
|  48|0x00000000c4800000, 0x00000000c4800000, 0x00000000c4900000|  0%| F|  |TAMS 0x00000000c4800000, 0x00000000c4800000| Untracked 
|  49|0x00000000c4900000, 0x00000000c4900000, 0x00000000c4a00000|  0%| F|  |TAMS 0x00000000c4900000, 0x00000000c4900000| Untracked 
|  50|0x00000000c4a00000, 0x00000000c4a00000, 0x00000000c4b00000|  0%| F|  |TAMS 0x00000000c4a00000, 0x00000000c4a00000| Untracked 
|  51|0x00000000c4b00000, 0x00000000c4b4dd28, 0x00000000c4c00000| 30%| S|CS|TAMS 0x00000000c4b00000, 0x00000000c4b00000| Complete 
|  52|0x00000000c4c00000, 0x00000000c4c00000, 0x00000000c4d00000|  0%| F|  |TAMS 0x00000000c4c00000, 0x00000000c4c00000| Untracked 
|  53|0x00000000c4d00000, 0x00000000c4d6f210, 0x00000000c4e00000| 43%| E|  |TAMS 0x00000000c4d00000, 0x00000000c4d00000| Complete 
|  54|0x00000000c4e00000, 0x00000000c4f00000, 0x00000000c4f00000|100%| E|CS|TAMS 0x00000000c4e00000, 0x00000000c4e00000| Complete 
|  55|0x00000000c4f00000, 0x00000000c5000000, 0x00000000c5000000|100%| E|CS|TAMS 0x00000000c4f00000, 0x00000000c4f00000| Complete 
|  56|0x00000000c5000000, 0x00000000c5100000, 0x00000000c5100000|100%| E|CS|TAMS 0x00000000c5000000, 0x00000000c5000000| Complete 
|  57|0x00000000c5100000, 0x00000000c5200000, 0x00000000c5200000|100%| E|CS|TAMS 0x00000000c5100000, 0x00000000c5100000| Complete 
|  58|0x00000000c5200000, 0x00000000c5300000, 0x00000000c5300000|100%| E|CS|TAMS 0x00000000c5200000, 0x00000000c5200000| Complete 
|  59|0x00000000c5300000, 0x00000000c5400000, 0x00000000c5400000|100%| E|CS|TAMS 0x00000000c5300000, 0x00000000c5300000| Complete 
|  60|0x00000000c5400000, 0x00000000c5500000, 0x00000000c5500000|100%| E|CS|TAMS 0x00000000c5400000, 0x00000000c5400000| Complete 
|  61|0x00000000c5500000, 0x00000000c5600000, 0x00000000c5600000|100%| E|CS|TAMS 0x00000000c5500000, 0x00000000c5500000| Complete 
|  62|0x00000000c5600000, 0x00000000c5700000, 0x00000000c5700000|100%| E|CS|TAMS 0x00000000c5600000, 0x00000000c5600000| Complete 
|  63|0x00000000c5700000, 0x00000000c5800000, 0x00000000c5800000|100%| E|CS|TAMS 0x00000000c5700000, 0x00000000c5700000| Complete 

Card table byte_map: [0x0000022779ab0000,0x0000022779cb0000] _byte_map_base: 0x00000227794a4000

Marking Bits (Prev, Next): (CMBitMap*) 0x0000022777a15e58, (CMBitMap*) 0x0000022777a15e98
 Prev Bits: [0x0000022779eb0000, 0x000002277ae50000)
 Next Bits: [0x000002277ae50000, 0x000002277bdf0000)

Polling page: 0x00000227778a0000

Metaspace:

Usage:
  Non-class:      5.91 MB capacity,     3.82 MB ( 65%) used,     2.08 MB ( 35%) free+waste,     7.38 KB ( <1%) overhead. 
      Class:    956.00 KB capacity,   720.45 KB ( 75%) used,   231.17 KB ( 24%) free+waste,     4.38 KB ( <1%) overhead. 
       Both:      6.85 MB capacity,     4.53 MB ( 66%) used,     2.31 MB ( 34%) free+waste,    11.75 KB ( <1%) overhead. 

Virtual space:
  Non-class space:        8.00 MB reserved,       6.00 MB ( 75%) committed 
      Class space:        1.00 GB reserved,       1.00 MB ( <1%) committed 
             Both:        1.01 GB reserved,       7.00 MB ( <1%) committed 

Chunk freelists:
   Non-Class:  25.00 KB
       Class:  4.00 KB
        Both:  29.00 KB

MaxMetaspaceSize: 17179869184.00 GB
CompressedClassSpaceSize: 1.00 GB

CodeHeap 'non-profiled nmethods': size=120000Kb used=385Kb max_used=385Kb free=119614Kb
 bounds [0x00000227101a0000, 0x0000022710410000, 0x00000227176d0000]
CodeHeap 'profiled nmethods': size=120000Kb used=2030Kb max_used=2030Kb free=117969Kb
 bounds [0x0000022708c70000, 0x0000022708ee0000, 0x00000227101a0000]
CodeHeap 'non-nmethods': size=5760Kb used=1158Kb max_used=1174Kb free=4601Kb
 bounds [0x00000227086d0000, 0x0000022708940000, 0x0000022708c70000]
 total_blobs=1930 nmethods=977 adapters=326
 compilation: enabled
              stopped_count=0, restarted_count=0
 full_count=0

Compilation events (20 events):
Event: 1.123 Thread 0x000002277e3fa000  913       3       java.lang.String::toUpperCase (29 bytes)
Event: 1.123 Thread 0x000002277e3fa000 nmethod 913 0x0000022708e41910 code [0x0000022708e41ae0, 0x0000022708e41d98]
Event: 1.123 Thread 0x000002277e3fa000  914       3       java.util.concurrent.ConcurrentHashMap::put (8 bytes)
Event: 1.123 Thread 0x000002277e3fa000 nmethod 914 0x0000022708e41e90 code [0x0000022708e42040, 0x0000022708e42188]
Event: 1.126 Thread 0x000002277e3fa000  916       3       java.io.WinNTFileSystem::normalize (143 bytes)
Event: 1.127 Thread 0x000002277e3fa000 nmethod 916 0x0000022708e42210 code [0x0000022708e42480, 0x0000022708e42ff8]
Event: 1.127 Thread 0x000002277e3fa000  917       3       java.lang.ClassLoader::checkPackageAccess (102 bytes)
Event: 1.130 Thread 0x000002277e3fa000 nmethod 917 0x0000022708e43490 code [0x0000022708e438a0, 0x0000022708e45798]
Event: 1.130 Thread 0x000002277e3fa000  918       3       sun.invoke.util.VerifyAccess::isSamePackage (32 bytes)
Event: 1.133 Thread 0x000002277e3fa000 nmethod 918 0x0000022708e46290 code [0x0000022708e465c0, 0x0000022708e47b28]
Event: 1.133 Thread 0x000002277e3fa000  922       3       java.util.regex.Pattern$BmpCharProperty::match (55 bytes)
Event: 1.133 Thread 0x000002277e3fa000 nmethod 922 0x0000022708e48190 code [0x0000022708e48360, 0x0000022708e48828]
Event: 1.133 Thread 0x000002277e3fa000  923       3       java.util.regex.Pattern$$Lambda$18/0x0000000800b93440::is (9 bytes)
Event: 1.134 Thread 0x000002277e3fa000 nmethod 923 0x0000022708e48990 code [0x0000022708e48b20, 0x0000022708e48cf8]
Event: 1.134 Thread 0x000002277e3fa000  920       3       jdk.internal.org.objectweb.asm.ByteVector::<init> (13 bytes)
Event: 1.134 Thread 0x000002277e3fa000 nmethod 920 0x0000022708e48d90 code [0x0000022708e48f40, 0x0000022708e491b8]
Event: 1.134 Thread 0x000002277e3fa000  921       3       jdk.internal.org.objectweb.asm.ByteVector::putByteArray (49 bytes)
Event: 1.134 Thread 0x000002277e3fa000 nmethod 921 0x0000022708e49290 code [0x0000022708e49440, 0x0000022708e49718]
Event: 1.134 Thread 0x000002277e3fa000  919       1       java.lang.invoke.MethodTypeForm::basicType (5 bytes)
Event: 1.134 Thread 0x000002277e3fa000 nmethod 919 0x00000227101f5a90 code [0x00000227101f5c20, 0x00000227101f5cf8]

GC Heap History (4 events):
Event: 0.637 GC heap before
{Heap before GC invocations=0 (full 0):
 garbage-first heap   total 65536K, used 13312K [0x00000000c1800000, 0x0000000100000000)
  region size 1024K, 13 young (13312K), 0 survivors (0K)
 Metaspace       used 2013K, capacity 5021K, committed 5120K, reserved 1056768K
  class space    used 209K, capacity 485K, committed 512K, reserved 1048576K
}
Event: 0.643 GC heap after
{Heap after GC invocations=1 (full 0):
 garbage-first heap   total 65536K, used 5509K [0x00000000c1800000, 0x0000000100000000)
  region size 1024K, 2 young (2048K), 2 survivors (2048K)
 Metaspace       used 2013K, capacity 5021K, committed 5120K, reserved 1056768K
  class space    used 209K, capacity 485K, committed 512K, reserved 1048576K
}
Event: 0.976 GC heap before
{Heap before GC invocations=1 (full 0):
 garbage-first heap   total 65536K, used 17797K [0x00000000c1800000, 0x0000000100000000)
  region size 1024K, 14 young (14336K), 2 survivors (2048K)
 Metaspace       used 3223K, capacity 6028K, committed 6272K, reserved 1056768K
  class space    used 488K, capacity 778K, committed 896K, reserved 1048576K
}
Event: 0.981 GC heap after
{Heap after GC invocations=2 (full 0):
 garbage-first heap   total 65536K, used 5602K [0x00000000c1800000, 0x0000000100000000)
  region size 1024K, 1 young (1024K), 1 survivors (1024K)
 Metaspace       used 3223K, capacity 6028K, committed 6272K, reserved 1056768K
  class space    used 488K, capacity 778K, committed 896K, reserved 1048576K
}

Deoptimization events (20 events):
Event: 1.000 Thread 0x00000227779e4000 Uncommon trap: trap_request=0xffffffbe fr.pc=0x00000227101f02e0 relative=0x0000000000000580
Event: 1.000 Thread 0x00000227779e4000 Uncommon trap: reason=profile_predicate action=maybe_recompile pc=0x00000227101f02e0 method=sun.net.www.ParseUtil.firstEncodeIndex(Ljava/lang/String;)I @ 9 c2
Event: 1.000 Thread 0x00000227779e4000 DEOPT PACKING pc=0x00000227101f02e0 sp=0x000000d828ffd250
Event: 1.000 Thread 0x00000227779e4000 DEOPT UNPACKING pc=0x000002270871912f sp=0x000000d828ffd1c8 mode 2
Event: 1.000 Thread 0x00000227779e4000 Uncommon trap: trap_request=0xffffffbe fr.pc=0x00000227101f02e0 relative=0x0000000000000580
Event: 1.000 Thread 0x00000227779e4000 Uncommon trap: reason=profile_predicate action=maybe_recompile pc=0x00000227101f02e0 method=sun.net.www.ParseUtil.firstEncodeIndex(Ljava/lang/String;)I @ 9 c2
Event: 1.000 Thread 0x00000227779e4000 DEOPT PACKING pc=0x00000227101f02e0 sp=0x000000d828ffd1e0
Event: 1.000 Thread 0x00000227779e4000 DEOPT UNPACKING pc=0x000002270871912f sp=0x000000d828ffd158 mode 2
Event: 1.001 Thread 0x00000227779e4000 Uncommon trap: trap_request=0xffffffbe fr.pc=0x00000227101f02e0 relative=0x0000000000000580
Event: 1.001 Thread 0x00000227779e4000 Uncommon trap: reason=profile_predicate action=maybe_recompile pc=0x00000227101f02e0 method=sun.net.www.ParseUtil.firstEncodeIndex(Ljava/lang/String;)I @ 9 c2
Event: 1.001 Thread 0x00000227779e4000 DEOPT PACKING pc=0x00000227101f02e0 sp=0x000000d828ffd250
Event: 1.001 Thread 0x00000227779e4000 DEOPT UNPACKING pc=0x000002270871912f sp=0x000000d828ffd1c8 mode 2
Event: 1.074 Thread 0x00000227779e4000 Uncommon trap: trap_request=0xffffff45 fr.pc=0x00000227101e74e4 relative=0x0000000000000044
Event: 1.074 Thread 0x00000227779e4000 Uncommon trap: reason=unstable_if action=reinterpret pc=0x00000227101e74e4 method=java.lang.CharacterData.of(I)Ljava/lang/CharacterData; @ 4 c2
Event: 1.074 Thread 0x00000227779e4000 DEOPT PACKING pc=0x00000227101e74e4 sp=0x000000d828ffcdb0
Event: 1.074 Thread 0x00000227779e4000 DEOPT UNPACKING pc=0x000002270871912f sp=0x000000d828ffcd50 mode 2
Event: 1.082 Thread 0x00000227779e4000 Uncommon trap: trap_request=0xffffff45 fr.pc=0x00000227101e33f4 relative=0x00000000000019f4
Event: 1.082 Thread 0x00000227779e4000 Uncommon trap: reason=unstable_if action=reinterpret pc=0x00000227101e33f4 method=java.io.WinNTFileSystem.normalize(Ljava/lang/String;)Ljava/lang/String; @ 128 c2
Event: 1.082 Thread 0x00000227779e4000 DEOPT PACKING pc=0x00000227101e33f4 sp=0x000000d828ffdeb0
Event: 1.082 Thread 0x00000227779e4000 DEOPT UNPACKING pc=0x000002270871912f sp=0x000000d828ffde88 mode 2

Classes unloaded (0 events):
No events

Classes redefined (0 events):
No events

Internal exceptions (2 events):
Event: 0.561 Thread 0x00000227779e4000 Exception <a 'java/lang/IncompatibleClassChangeError'{0x00000000c4c0b880}: Found class java.lang.Object, but interface was expected> (0x00000000c4c0b880) 
thrown [./open/src/hotspot/share/interpreter/linkResolver.cpp, line 832]
Event: 0.599 Thread 0x00000227779e4000 Exception <a 'java/lang/NoSuchMethodError'{0x00000000c4b21bf0}: 'int java.lang.invoke.DirectMethodHandle$Holder.invokeSpecialIFC(java.lang.Object, java.lang.Object, int)'> (0x00000000c4b21bf0) 
thrown [./open/src/hotspot/share/interpreter/linkResolver.cpp, line 766]

Events (20 events):
Event: 1.122 loading class java/util/LinkedHashMap$LinkedKeySet
Event: 1.122 loading class java/util/LinkedHashMap$LinkedKeySet done
Event: 1.122 loading class java/util/LinkedHashMap$LinkedKeyIterator
Event: 1.122 loading class java/util/LinkedHashMap$LinkedKeyIterator done
Event: 1.124 loading class sun/security/provider/MD5
Event: 1.124 loading class sun/security/provider/DigestBase
Event: 1.124 loading class sun/security/provider/DigestBase done
Event: 1.124 loading class sun/security/provider/MD5 done
Event: 1.125 loading class sun/security/jca/GetInstance$Instance
Event: 1.125 loading class sun/security/jca/GetInstance$Instance done
Event: 1.125 loading class java/security/MessageDigest$Delegate
Event: 1.125 loading class sun/security/util/MessageDigestSpi2
Event: 1.125 loading class sun/security/util/MessageDigestSpi2 done
Event: 1.125 loading class java/security/MessageDigest$Delegate done
Event: 1.129 loading class java/util/regex/Pattern$SliceI
Event: 1.129 loading class java/util/regex/Pattern$SliceI done
Event: 1.132 loading class sun/security/provider/ByteArrayAccess
Event: 1.132 loading class sun/security/provider/ByteArrayAccess done
Event: 1.133 loading class java/math/MutableBigInteger
Event: 1.133 loading class java/math/MutableBigInteger done


Dynamic libraries:
0x00007ff711560000 - 0x00007ff71156f000 	C:\Program Files\Java\jdk-14.0.1\bin\javaw.exe
0x00007ffebcff0000 - 0x00007ffebd1e5000 	C:\WINDOWS\SYSTEM32\ntdll.dll
0x00007ffebcec0000 - 0x00007ffebcf7d000 	C:\WINDOWS\System32\KERNEL32.DLL
0x00007ffeba820000 - 0x00007ffebaaed000 	C:\WINDOWS\System32\KERNELBASE.dll
0x00007ffebac30000 - 0x00007ffebad30000 	C:\WINDOWS\System32\ucrtbase.dll
0x00007ffeb5530000 - 0x00007ffeb5545000 	C:\Program Files\Java\jdk-14.0.1\bin\VCRUNTIME140.dll
0x00007ffeb89e0000 - 0x00007ffeb89f8000 	C:\Program Files\Java\jdk-14.0.1\bin\jli.dll
0x00007ffebca00000 - 0x00007ffebcaae000 	C:\WINDOWS\System32\ADVAPI32.dll
0x00007ffebc600000 - 0x00007ffebc69e000 	C:\WINDOWS\System32\msvcrt.dll
0x00007ffebc3d0000 - 0x00007ffebc46c000 	C:\WINDOWS\System32\sechost.dll
0x00007ffebcab0000 - 0x00007ffebcbd5000 	C:\WINDOWS\System32\RPCRT4.dll
0x00007ffebbda0000 - 0x00007ffebbf40000 	C:\WINDOWS\System32\USER32.dll
0x00007ffeb98c0000 - 0x00007ffeb9b5a000 	C:\WINDOWS\WinSxS\amd64_microsoft.windows.common-controls_6595b64144ccf1df_6.0.19041.1110_none_60b5254171f9507e\COMCTL32.dll
0x00007ffebac00000 - 0x00007ffebac22000 	C:\WINDOWS\System32\win32u.dll
0x00007ffebbd70000 - 0x00007ffebbd9a000 	C:\WINDOWS\System32\GDI32.dll
0x00007ffebaf30000 - 0x00007ffebb03b000 	C:\WINDOWS\System32\gdi32full.dll
0x00007ffebad30000 - 0x00007ffebadcd000 	C:\WINDOWS\System32\msvcp_win.dll
0x00007ffeb7a00000 - 0x00007ffeb7a0a000 	C:\WINDOWS\SYSTEM32\VERSION.dll
0x00007ffebbba0000 - 0x00007ffebbbd0000 	C:\WINDOWS\System32\IMM32.DLL
0x00007ffe8e330000 - 0x00007ffe8e3cb000 	C:\Program Files\Java\jdk-14.0.1\bin\msvcp140.dll
0x00007ffea29b0000 - 0x00007ffea34ce000 	C:\Program Files\Java\jdk-14.0.1\bin\server\jvm.dll
0x00007ffebcd00000 - 0x00007ffebcd08000 	C:\WINDOWS\System32\PSAPI.DLL
0x00007ffea8e70000 - 0x00007ffea8e97000 	C:\WINDOWS\SYSTEM32\WINMM.dll
0x00007ffea5860000 - 0x00007ffea5869000 	C:\WINDOWS\SYSTEM32\WSOCK32.dll
0x00007ffebbbd0000 - 0x00007ffebbc3b000 	C:\WINDOWS\System32\WS2_32.dll
0x00007ffeb7800000 - 0x00007ffeb7812000 	C:\WINDOWS\SYSTEM32\kernel.appcore.dll
0x00007ffea2980000 - 0x00007ffea298a000 	C:\Program Files\Java\jdk-14.0.1\bin\jimage.dll
0x00007ffeba130000 - 0x00007ffeba314000 	C:\WINDOWS\SYSTEM32\DBGHELP.DLL
0x00007ffeb9d30000 - 0x00007ffeb9d5c000 	C:\WINDOWS\SYSTEM32\dbgcore.DLL
0x00007ffebaaf0000 - 0x00007ffebab72000 	C:\WINDOWS\System32\bcryptPrimitives.dll
0x00007ffea2950000 - 0x00007ffea2975000 	C:\Program Files\Java\jdk-14.0.1\bin\java.dll
0x00007ffea2990000 - 0x00007ffea29a6000 	C:\Program Files\Java\jdk-14.0.1\bin\zip.dll
0x00007ffebb3a0000 - 0x00007ffebbae4000 	C:\WINDOWS\System32\SHELL32.dll
0x00007ffeb7a20000 - 0x00007ffeb81b4000 	C:\WINDOWS\SYSTEM32\windows.storage.dll
0x00007ffebb040000 - 0x00007ffebb394000 	C:\WINDOWS\System32\combase.dll
0x00007ffeb9de0000 - 0x00007ffeb9e0c000 	C:\WINDOWS\SYSTEM32\Wldp.dll
0x00007ffebc470000 - 0x00007ffebc51d000 	C:\WINDOWS\System32\SHCORE.dll
0x00007ffebcdd0000 - 0x00007ffebce25000 	C:\WINDOWS\System32\shlwapi.dll
0x00007ffeba640000 - 0x00007ffeba65f000 	C:\WINDOWS\SYSTEM32\profapi.dll
0x00007ffea2240000 - 0x00007ffea2259000 	C:\Program Files\Java\jdk-14.0.1\bin\net.dll
0x00007ffead020000 - 0x00007ffead12a000 	C:\WINDOWS\SYSTEM32\WINHTTP.dll
0x00007ffeb97f0000 - 0x00007ffeb985a000 	C:\WINDOWS\system32\mswsock.dll
0x00007ffea2220000 - 0x00007ffea2232000 	C:\Program Files\Java\jdk-14.0.1\bin\nio.dll
0x00007ffeb94c0000 - 0x00007ffeb94fb000 	C:\WINDOWS\SYSTEM32\IPHLPAPI.DLL
0x00007ffebbf40000 - 0x00007ffebbf48000 	C:\WINDOWS\System32\NSI.dll
0x00007ffeaf0e0000 - 0x00007ffeaf0f7000 	C:\WINDOWS\SYSTEM32\dhcpcsvc6.DLL
0x00007ffeaf1b0000 - 0x00007ffeaf1cd000 	C:\WINDOWS\SYSTEM32\dhcpcsvc.DLL
0x00007ffeb9500000 - 0x00007ffeb95cb000 	C:\WINDOWS\SYSTEM32\DNSAPI.dll
0x00007ffeb8780000 - 0x00007ffeb8790000 	C:\Program Files\Java\jdk-14.0.1\bin\verify.dll

dbghelp: loaded successfully - version: 4.0.5 - missing functions: none
symbol engine: initialized successfully - sym options: 0x614 - pdb path: .;C:\Program Files\Java\jdk-14.0.1\bin;C:\WINDOWS\SYSTEM32;C:\WINDOWS\WinSxS\amd64_microsoft.windows.common-controls_6595b64144ccf1df_6.0.19041.1110_none_60b5254171f9507e;C:\Program Files\Java\jdk-14.0.1\bin\server

VM Arguments:
jvm_args: -ea -Dfile.encoding=UTF-8 -XX:+ShowCodeDetailsInExceptionMessages 
java_command: org.eclipse.jdt.internal.junit.runner.RemoteTestRunner -version 3 -port 52528 -testLoaderClass org.eclipse.jdt.internal.junit4.runner.JUnit4TestLoader -loaderpluginname org.eclipse.jdt.junit4.runtime -classNames testRunner.loginPageRunner
java_class_path (initial): C:\Users\PC\Desktop\2022\study3\automation\target\test-classes;C:\Users\PC\Desktop\2022\study3\automation\target\classes;C:\Users\PC\.m2\repository\junit\junit\4.11\junit-4.11.jar;C:\Users\PC\.m2\repository\info\cukes\cucumber-html\0.2.3\cucumber-html-0.2.3.jar;C:\Users\PC\.m2\repository\info\cukes\cucumber-jvm-deps\1.0.5\cucumber-jvm-deps-1.0.5.jar;C:\Users\PC\.m2\repository\io\cucumber\cucumber-html\0.2.7\cucumber-html-0.2.7.jar;C:\Users\PC\.m2\repository\org\codehaus\mojo\cobertura-maven-plugin\2.7\cobertura-maven-plugin-2.7.jar;C:\Users\PC\.m2\repository\net\sourceforge\cobertura\cobertura\2.1.1\cobertura-2.1.1.jar;C:\Users\PC\.m2\repository\org\ow2\asm\asm\5.0.1\asm-5.0.1.jar;C:\Users\PC\.m2\repository\org\ow2\asm\asm-tree\5.0.1\asm-tree-5.0.1.jar;C:\Users\PC\.m2\repository\org\ow2\asm\asm-commons\5.0.1\asm-commons-5.0.1.jar;C:\Users\PC\.m2\repository\org\ow2\asm\asm-util\5.0.1\asm-util-5.0.1.jar;C:\Users\PC\.m2\repository\org\ow2\asm\asm-analysis\5.0.1\asm-analysis-5.0.1.jar;C:\Users\PC\.m2\repository\oro\oro\2.0.8\oro-2.0.8.jar;C:\Users\PC\.m2\repository\org\apache\ant\ant\1.8.3\ant-1.8.3.jar;C:\Users\PC\.m2\repository\org\apache\ant\ant-launcher\1.8.3\ant-launcher-1.8.3.jar;C:\Users\PC\.m2\repository\org\apache\ant\ant-junit\1.8.3\ant-junit-1.8.3.jar;C:\Users\PC\.m2\repository\org\mortbay\jetty\servlet-api-2.5\6.1.14\servlet-api-2.5-6.1.14.jar;C:\Users\PC\.m2\repository\org\mortbay\jetty\jetty\6.1.14\jetty-6.1.14.jar;C:\Users\PC\.m2\repository\org\mortbay\jetty\jetty-util\6.1.14\jetty-util-6.1.14.jar;C:\Users\PC\.m2\repository\org\slf4j\slf4j-api\1.7.5\slf4j-api-1.7.5.jar;C:\Users\PC\.m2\repository\ch\qos\logback\logback-classic\1.0.13\logback-classic-1.0.13.jar;C:\Users\PC\.m2\repository\ch\qos\logback\logback-core\1.0.13\logback-core-1.0.13.jar;C:\Users\PC\.m2\repository\xerces\xercesImpl\2.11.0\xercesImpl-2.11.0.jar;C:\Users\PC\.m2\repository\xml-apis\xml-apis\1.4.01\xml-apis-1.4.01.jar;C:\Users\PC\.m2\repository\jaxen\jaxen\1
Launcher Type: SUN_STANDARD

[Global flags]
     intx CICompilerCount                          = 3                                         {product} {ergonomic}
     uint ConcGCThreads                            = 1                                         {product} {ergonomic}
     uint G1ConcRefinementThreads                  = 4                                         {product} {ergonomic}
   size_t G1HeapRegionSize                         = 1048576                                   {product} {ergonomic}
    uintx GCDrainStackTargetSize                   = 64                                        {product} {ergonomic}
   size_t InitialHeapSize                          = 67108864                                  {product} {ergonomic}
   size_t MarkStackSize                            = 4194304                                   {product} {ergonomic}
   size_t MaxHeapSize                              = 1048576000                                {product} {ergonomic}
   size_t MaxNewSize                               = 629145600                                 {product} {ergonomic}
   size_t MinHeapDeltaBytes                        = 1048576                                   {product} {ergonomic}
   size_t MinHeapSize                              = 8388608                                   {product} {ergonomic}
    uintx NonNMethodCodeHeapSize                   = 5832780                                {pd product} {ergonomic}
    uintx NonProfiledCodeHeapSize                  = 122912730                              {pd product} {ergonomic}
    uintx ProfiledCodeHeapSize                     = 122912730                              {pd product} {ergonomic}
    uintx ReservedCodeCacheSize                    = 251658240                              {pd product} {ergonomic}
     bool SegmentedCodeCache                       = true                                      {product} {ergonomic}
     bool ShowCodeDetailsInExceptionMessages       = true                                   {manageable} {command line}
   size_t SoftMaxHeapSize                          = 1048576000                             {manageable} {ergonomic}
     bool UseCompressedClassPointers               = true                                 {lp64_product} {ergonomic}
     bool UseCompressedOops                        = true                                 {lp64_product} {ergonomic}
     bool UseG1GC                                  = true                                      {product} {ergonomic}
     bool UseLargePagesIndividualAllocation        = false                                  {pd product} {ergonomic}

Logging:
Log output configuration:
 #0: stdout all=warning uptime,level,tags
 #1: stderr all=off uptime,level,tags

Environment Variables:
JAVA_HOME=C:\Program Files\Java\jdk1.8.0_333
PATH=C:/Program Files/Java/jdk-14.0.1/bin/server;C:/Program Files/Java/jdk-14.0.1/bin;C:\Program Files (x86)\Common Files\Oracle\Java\javapath;C:\WINDOWS\system32;C:\WINDOWS;C:\WINDOWS\System32\Wbem;C:\WINDOWS\System32\WindowsPowerShell\v1.0\;C:\WINDOWS\System32\OpenSSH\;C:\Program Files\Java\jdk1.8.0_333\bin;C:\Program Files (x86)\Java\jre1.8.0_311;D:\git\Git\cmd;D:\apache-maven-3.6.3\bin;C:\Users\PC\AppData\Local\Microsoft\WindowsApps;;C:\Users\PC\Desktop;
USERNAME=PC
OS=Windows_NT
PROCESSOR_IDENTIFIER=Intel64 Family 6 Model 58 Stepping 9, GenuineIntel



---------------  S Y S T E M  ---------------

OS: Windows 10 , 64 bit Build 19041 (10.0.19041.1706)
OS uptime: 0 days 1:35 hours

CPU:total 4 (initial active 4) (2 cores per cpu, 2 threads per core) family 6 model 58 stepping 9, cmov, cx8, fxsr, mmx, sse, sse2, sse3, ssse3, sse4.1, sse4.2, popcnt, avx, clmul, erms, ht, tsc, tscinvbit, tscinv

Memory: 4k page, system-wide physical 3996M (527M free)
TotalPageFile size 6684M (AvailPageFile size 1706M)
current process WorkingSet (physical memory assigned to process): 79M, peak: 79M
current process commit charge ("private bytes"): 164M, peak: 164M

vm_info: Java HotSpot(TM) 64-Bit Server VM (14.0.1+7) for windows-amd64 JRE (14.0.1+7), built on Mar  5 2020 10:30:14 by "mach5one" with MS VC++ 15.9 (VS2017)

END.
